Using pre-set license
Built from '2020.3/release' branch; Version is '2020.3.2f1 (8fd9074bf66c) revision 9427207'; Using compiler version '192528614'; Build Type 'Release'
OS: 'Windows 10 Home; OS build 19042.928; Version 2009; 64bit' Language: 'ru' Physical Memory: 16344 MB
BatchMode: 1, IsHumanControllingUs: 0, StartBugReporterOnCrash: 0, Is64bit: 1, IsPro: 0

 COMMAND LINE ARGUMENTS:
D:\Program\Unity\2020.3.2f1\Editor\Unity.exe
-adb2
-batchMode
-noUpm
-name
AssetImportWorker0
-projectPath
E:/Diplom/GitHub/Stanok_Tokarno-Vintoreznyi/Tokarno-Vintoreznyi
-logFile
Logs/AssetImportWorker0.log
-srvPort
49825
Successfully changed project path to: E:/Diplom/GitHub/Stanok_Tokarno-Vintoreznyi/Tokarno-Vintoreznyi
E:/Diplom/GitHub/Stanok_Tokarno-Vintoreznyi/Tokarno-Vintoreznyi
Using Asset Import Pipeline V2.
Refreshing native plugins compatible for Editor in 27.99 ms, found 0 plugins.
Preloading 0 native plugins for Editor in 0.00 ms.
Initialize engine version: 2020.3.2f1 (8fd9074bf66c)
[Subsystems] Discovering subsystems at path D:/Program/Unity/2020.3.2f1/Editor/Data/Resources/UnitySubsystems
[Subsystems] Discovering subsystems at path E:/Diplom/GitHub/Stanok_Tokarno-Vintoreznyi/Tokarno-Vintoreznyi/Assets
GfxDevice: creating device client; threaded=0
Direct3D:
    Version:  Direct3D 11.0 [level 11.1]
    Renderer: NVIDIA GeForce GTX 1070 (ID=0x1b81)
    Vendor:   
    VRAM:     8088 MB
    Driver:   27.21.14.6589
Initialize mono
Mono path[0] = 'D:/Program/Unity/2020.3.2f1/Editor/Data/Managed'
Mono path[1] = 'D:/Program/Unity/2020.3.2f1/Editor/Data/MonoBleedingEdge/lib/mono/unityjit'
Mono config path = 'D:/Program/Unity/2020.3.2f1/Editor/Data/MonoBleedingEdge/etc'
Using monoOptions --debugger-agent=transport=dt_socket,embedding=1,server=y,suspend=n,address=127.0.0.1:56340
Begin MonoManager ReloadAssembly
Registering precompiled unity dll's ...
Register platform support module: D:/Program/Unity/2020.3.2f1/Editor/Data/PlaybackEngines/WindowsStandaloneSupport/UnityEditor.WindowsStandalone.Extensions.dll
Registered in 0.001338 seconds.
Native extension for WindowsStandalone target not found
Refreshing native plugins compatible for Editor in 25.54 ms, found 0 plugins.
Preloading 0 native plugins for Editor in 0.00 ms.
Invoked RoslynAnalysisRunner static constructor.
RoslynAnalysisRunner will not be running.
RoslynAnalysisRunner has terminated.
Mono: successfully reloaded assembly
- Completed reload, in  1.499 seconds
Platform modules already initialized, skipping
Registering precompiled user dll's ...
Registered in 0.000657 seconds.
Begin MonoManager ReloadAssembly
Native extension for WindowsStandalone target not found
Refreshing native plugins compatible for Editor in 0.21 ms, found 0 plugins.
Preloading 0 native plugins for Editor in 0.00 ms.
Invoked RoslynAnalysisRunner static constructor.
RoslynAnalysisRunner will not be running.
RoslynAnalysisRunner has terminated.
Mono: successfully reloaded assembly
- Completed reload, in  0.797 seconds
Platform modules already initialized, skipping
========================================================================
Worker process is ready to serve import requests
Launched and connected shader compiler UnityShaderCompiler.exe after 0.09 seconds
Refreshing native plugins compatible for Editor in 0.25 ms, found 0 plugins.
Preloading 0 native plugins for Editor in 0.00 ms.
Unloading 1165 Unused Serialized files (Serialized files now loaded: 0)
System memory in use before: 59.8 MB.
System memory in use after: 59.9 MB.

Unloading 9 unused Assets to reduce memory usage. Loaded Objects now: 1609.
Total: 2.234000 ms (FindLiveObjects: 0.230300 ms CreateObjectMapping: 0.049700 ms MarkObjects: 1.854800 ms  DeleteObjects: 0.098100 ms)

========================================================================
Received Import Request.
  path: Assets/obj/New_stanok_FIles/Ruchka7.obj
  artifactKey: Guid(e314b632aed240640811324cea393f37) Importer(815301076,1909f56bfc062723c751e8b465ee728b)
Start importing Assets/obj/New_stanok_FIles/Ruchka7.obj using Guid(e314b632aed240640811324cea393f37) Importer(815301076,1909f56bfc062723c751e8b465ee728b)  -> (artifact id: '99cdd203267b847ff0a73b9ec42fbba9') in 0.300104 seconds
  Import took 0.302124 seconds .

========================================================================
Received Import Request.
  Time since last request: 2251.591202 seconds.
  path: Assets/Scripts/DisplayUI/DisplayUI27.cs
  artifactKey: Guid(fcaa919500dd18b4cab59f8a1fb41178) Importer(815301076,1909f56bfc062723c751e8b465ee728b)
Start importing Assets/Scripts/DisplayUI/DisplayUI27.cs using Guid(fcaa919500dd18b4cab59f8a1fb41178) Importer(815301076,1909f56bfc062723c751e8b465ee728b)  -> (artifact id: '815d29710a08161f3fec2fb939575e6e') in 0.079908 seconds
  Import took 0.082970 seconds .

========================================================================
Received Import Request.
  Time since last request: 30.546109 seconds.
  path: Assets/Scripts/DisplayUI/DisplayUI27.cs
  artifactKey: Guid(fcaa919500dd18b4cab59f8a1fb41178) Importer(815301076,1909f56bfc062723c751e8b465ee728b)
Start importing Assets/Scripts/DisplayUI/DisplayUI27.cs using Guid(fcaa919500dd18b4cab59f8a1fb41178) Importer(815301076,1909f56bfc062723c751e8b465ee728b)  -> (artifact id: '3b0a58dfe842813aec616ea1f669ea6e') in 1.042891 seconds
  Import took 1.047054 seconds .

========================================================================
Received Prepare
Registering precompiled user dll's ...
Registered in 0.000628 seconds.
Begin MonoManager ReloadAssembly
Native extension for WindowsStandalone target not found
Refreshing native plugins compatible for Editor in 0.22 ms, found 0 plugins.
Preloading 0 native plugins for Editor in 0.00 ms.
Invoked RoslynAnalysisRunner static constructor.
RoslynAnalysisRunner will not be running.
RoslynAnalysisRunner has terminated.
Mono: successfully reloaded assembly
- Completed reload, in  0.890 seconds
Platform modules already initialized, skipping
Refreshing native plugins compatible for Editor in 0.25 ms, found 0 plugins.
Preloading 0 native plugins for Editor in 0.00 ms.
Unloading 1154 Unused Serialized files (Serialized files now loaded: 0)
System memory in use before: 62.5 MB.
System memory in use after: 62.6 MB.

Unloading 4 unused Assets to reduce memory usage. Loaded Objects now: 1656.
Total: 1.553000 ms (FindLiveObjects: 0.202200 ms CreateObjectMapping: 0.055700 ms MarkObjects: 1.268100 ms  DeleteObjects: 0.026100 ms)

========================================================================
Received Prepare
Refreshing native plugins compatible for Editor in 0.65 ms, found 0 plugins.
Preloading 0 native plugins for Editor in 0.00 ms.
Unloading 3 Unused Serialized files (Serialized files now loaded: 0)
System memory in use before: 39.7 MB.
System memory in use after: 39.8 MB.

Unloading 2 unused Assets to reduce memory usage. Loaded Objects now: 1656.
Total: 1.690700 ms (FindLiveObjects: 0.160900 ms CreateObjectMapping: 0.043200 ms MarkObjects: 1.471100 ms  DeleteObjects: 0.013600 ms)

========================================================================
Received Prepare
Refreshing native plugins compatible for Editor in 0.81 ms, found 0 plugins.
Preloading 0 native plugins for Editor in 0.00 ms.
Unloading 3 Unused Serialized files (Serialized files now loaded: 0)
System memory in use before: 39.7 MB.
System memory in use after: 39.8 MB.

Unloading 2 unused Assets to reduce memory usage. Loaded Objects now: 1656.
Total: 5.182600 ms (FindLiveObjects: 2.018500 ms CreateObjectMapping: 0.165800 ms MarkObjects: 2.980300 ms  DeleteObjects: 0.016500 ms)

========================================================================
Received Prepare
Refreshing native plugins compatible for Editor in 0.55 ms, found 0 plugins.
Preloading 0 native plugins for Editor in 0.00 ms.
Unloading 3 Unused Serialized files (Serialized files now loaded: 0)
System memory in use before: 39.7 MB.
System memory in use after: 39.8 MB.

Unloading 2 unused Assets to reduce memory usage. Loaded Objects now: 1656.
Total: 1.704200 ms (FindLiveObjects: 0.136900 ms CreateObjectMapping: 0.042400 ms MarkObjects: 1.511500 ms  DeleteObjects: 0.012100 ms)

========================================================================
Received Prepare
Refreshing native plugins compatible for Editor in 0.55 ms, found 0 plugins.
Preloading 0 native plugins for Editor in 0.00 ms.
Unloading 3 Unused Serialized files (Serialized files now loaded: 0)
System memory in use before: 39.7 MB.
System memory in use after: 39.8 MB.

Unloading 2 unused Assets to reduce memory usage. Loaded Objects now: 1656.
Total: 2.795000 ms (FindLiveObjects: 0.150900 ms CreateObjectMapping: 0.039400 ms MarkObjects: 2.573900 ms  DeleteObjects: 0.028900 ms)

AssetImportWorkerClient::OnTransportError - code=2 error=End of file
