Using pre-set license
Built from '2020.3/release' branch; Version is '2020.3.2f1 (8fd9074bf66c) revision 9427207'; Using compiler version '192528614'; Build Type 'Release'
OS: 'Windows 10 Home Single Language; OS build 19041.928; Version 2004; 64bit' Language: 'ru' Physical Memory: 3533 MB
BatchMode: 1, IsHumanControllingUs: 0, StartBugReporterOnCrash: 0, Is64bit: 1, IsPro: 0

 COMMAND LINE ARGUMENTS:
C:\Program Files\Unity\Hub\Editor\2020.3.2f1\Editor\Unity.exe
-adb2
-batchMode
-noUpm
-name
AssetImportWorker1
-projectPath
C:/Users/Denis/Desktop/Stanok_Tokarno-VintoreznyiNewPeresdacha/Stanok_Tokarno-Vintoreznyi/Tokarno-Vintoreznyi
-logFile
Logs/AssetImportWorker1.log
-srvPort
49678
Successfully changed project path to: C:/Users/Denis/Desktop/Stanok_Tokarno-VintoreznyiNewPeresdacha/Stanok_Tokarno-Vintoreznyi/Tokarno-Vintoreznyi
C:/Users/Denis/Desktop/Stanok_Tokarno-VintoreznyiNewPeresdacha/Stanok_Tokarno-Vintoreznyi/Tokarno-Vintoreznyi
Using Asset Import Pipeline V2.
Refreshing native plugins compatible for Editor in 71.34 ms, found 0 plugins.
Preloading 0 native plugins for Editor in 0.00 ms.
Initialize engine version: 2020.3.2f1 (8fd9074bf66c)
[Subsystems] Discovering subsystems at path C:/Program Files/Unity/Hub/Editor/2020.3.2f1/Editor/Data/Resources/UnitySubsystems
[Subsystems] Discovering subsystems at path C:/Users/Denis/Desktop/Stanok_Tokarno-VintoreznyiNewPeresdacha/Stanok_Tokarno-Vintoreznyi/Tokarno-Vintoreznyi/Assets
GfxDevice: creating device client; threaded=0
Direct3D:
    Version:  Direct3D 11.0 [level 11.0]
    Renderer: AMD Radeon HD 8550G (ID=0x990d)
    Vendor:   
    VRAM:     497 MB
    Driver:   15.201.1151.1008
Initialize mono
Mono path[0] = 'C:/Program Files/Unity/Hub/Editor/2020.3.2f1/Editor/Data/Managed'
Mono path[1] = 'C:/Program Files/Unity/Hub/Editor/2020.3.2f1/Editor/Data/MonoBleedingEdge/lib/mono/unityjit'
Mono config path = 'C:/Program Files/Unity/Hub/Editor/2020.3.2f1/Editor/Data/MonoBleedingEdge/etc'
Using monoOptions --debugger-agent=transport=dt_socket,embedding=1,server=y,suspend=n,address=127.0.0.1:56320
Begin MonoManager ReloadAssembly
Registering precompiled unity dll's ...
Register platform support module: C:/Program Files/Unity/Hub/Editor/2020.3.2f1/Editor/Data/PlaybackEngines/WindowsStandaloneSupport/UnityEditor.WindowsStandalone.Extensions.dll
Registered in 0.005028 seconds.
Native extension for WindowsStandalone target not found
Refreshing native plugins compatible for Editor in 81.24 ms, found 0 plugins.
Preloading 0 native plugins for Editor in 0.00 ms.
Invoked RoslynAnalysisRunner static constructor.
RoslynAnalysisRunner will not be running.
RoslynAnalysisRunner has terminated.
Mono: successfully reloaded assembly
- Completed reload, in  2.840 seconds
Platform modules already initialized, skipping
Registering precompiled user dll's ...
Registered in 0.002093 seconds.
Begin MonoManager ReloadAssembly
Native extension for WindowsStandalone target not found
Refreshing native plugins compatible for Editor in 0.65 ms, found 0 plugins.
Preloading 0 native plugins for Editor in 0.00 ms.
Invoked RoslynAnalysisRunner static constructor.
RoslynAnalysisRunner will not be running.
RoslynAnalysisRunner has terminated.
Mono: successfully reloaded assembly
- Completed reload, in  2.316 seconds
Platform modules already initialized, skipping
========================================================================
Worker process is ready to serve import requests
Launched and connected shader compiler UnityShaderCompiler.exe after 0.30 seconds
Refreshing native plugins compatible for Editor in 0.80 ms, found 0 plugins.
Preloading 0 native plugins for Editor in 0.00 ms.
Unloading 1181 Unused Serialized files (Serialized files now loaded: 0)
System memory in use before: 60.9 MB.
System memory in use after: 61.0 MB.

Unloading 9 unused Assets to reduce memory usage. Loaded Objects now: 1625.
Total: 4.623200 ms (FindLiveObjects: 0.426300 ms CreateObjectMapping: 0.106000 ms MarkObjects: 3.649600 ms  DeleteObjects: 0.437500 ms)

========================================================================
Received Import Request.
  path: Assets/Scenes/Menu.unity
  artifactKey: Guid(b30ee16c9d1169640b01e8ca90d9a9d6) Importer(815301076,1909f56bfc062723c751e8b465ee728b)
Start importing Assets/Scenes/Menu.unity using Guid(b30ee16c9d1169640b01e8ca90d9a9d6) Importer(815301076,1909f56bfc062723c751e8b465ee728b)  -> (artifact id: '723addea49897f3641a1c5d6ad577aaa') in 0.117292 seconds
  Import took 0.156205 seconds .

========================================================================
Received Import Request.
  Time since last request: 25.346650 seconds.
  path: Assets/Scenes/MenuObuchenie.unity
  artifactKey: Guid(83d892f1bf85677498a2b99e186772ad) Importer(815301076,1909f56bfc062723c751e8b465ee728b)
Start importing Assets/Scenes/MenuObuchenie.unity using Guid(83d892f1bf85677498a2b99e186772ad) Importer(815301076,1909f56bfc062723c751e8b465ee728b)  -> (artifact id: '6b943c63e9dd20bd68eda56c076aac7b') in 0.095929 seconds
  Import took 0.120876 seconds .

========================================================================
Received Import Request.
  Time since last request: 46.246540 seconds.
  path: Assets/Scenes/MenuOrgani.unity
  artifactKey: Guid(7318d46c07afba94982b7241c45028f8) Importer(815301076,1909f56bfc062723c751e8b465ee728b)
Start importing Assets/Scenes/MenuOrgani.unity using Guid(7318d46c07afba94982b7241c45028f8) Importer(815301076,1909f56bfc062723c751e8b465ee728b)  -> (artifact id: 'f7b454c31b49573ad15f67698e06315d') in 0.025684 seconds
  Import took 0.099430 seconds .

========================================================================
Received Prepare
Refreshing native plugins compatible for Editor in 2.57 ms, found 0 plugins.
Preloading 0 native plugins for Editor in 0.00 ms.
Unloading 3 Unused Serialized files (Serialized files now loaded: 0)
System memory in use before: 36.5 MB.
System memory in use after: 36.6 MB.

Unloading 2 unused Assets to reduce memory usage. Loaded Objects now: 1625.
Total: 5.023700 ms (FindLiveObjects: 0.359100 ms CreateObjectMapping: 0.111400 ms MarkObjects: 4.528000 ms  DeleteObjects: 0.022500 ms)

========================================================================
Received Import Request.
  Time since last request: 122.988423 seconds.
  path: Assets/Scenes/Znakomstvo.unity
  artifactKey: Guid(40f12cd8ab77ce04495aa617bb601523) Importer(815301076,1909f56bfc062723c751e8b465ee728b)
Start importing Assets/Scenes/Znakomstvo.unity using Guid(40f12cd8ab77ce04495aa617bb601523) Importer(815301076,1909f56bfc062723c751e8b465ee728b)  -> (artifact id: '6fac72cf15cb46c91ebdf28eb9bac595') in 0.046179 seconds
  Import took 0.107364 seconds .

========================================================================
Received Prepare
Refreshing native plugins compatible for Editor in 10.38 ms, found 0 plugins.
Preloading 0 native plugins for Editor in 0.00 ms.
Unloading 3 Unused Serialized files (Serialized files now loaded: 0)
System memory in use before: 36.5 MB.
System memory in use after: 36.6 MB.

Unloading 2 unused Assets to reduce memory usage. Loaded Objects now: 1625.
Total: 6.196000 ms (FindLiveObjects: 0.354300 ms CreateObjectMapping: 0.556200 ms MarkObjects: 5.251300 ms  DeleteObjects: 0.032000 ms)

========================================================================
Received Prepare
Refreshing native plugins compatible for Editor in 2.08 ms, found 0 plugins.
Preloading 0 native plugins for Editor in 0.00 ms.
Unloading 3 Unused Serialized files (Serialized files now loaded: 0)
System memory in use before: 36.5 MB.
System memory in use after: 36.6 MB.

Unloading 2 unused Assets to reduce memory usage. Loaded Objects now: 1625.
Total: 7.428100 ms (FindLiveObjects: 0.405000 ms CreateObjectMapping: 0.116900 ms MarkObjects: 6.870300 ms  DeleteObjects: 0.031700 ms)

========================================================================
Received Prepare
Refreshing native plugins compatible for Editor in 2.09 ms, found 0 plugins.
Preloading 0 native plugins for Editor in 0.00 ms.
Unloading 3 Unused Serialized files (Serialized files now loaded: 0)
System memory in use before: 36.5 MB.
System memory in use after: 36.6 MB.

Unloading 2 unused Assets to reduce memory usage. Loaded Objects now: 1625.
Total: 6.369900 ms (FindLiveObjects: 1.384500 ms CreateObjectMapping: 0.120500 ms MarkObjects: 4.820100 ms  DeleteObjects: 0.040100 ms)

========================================================================
Received Import Request.
  Time since last request: 536.533568 seconds.
  path: Assets/Scenes/Znakomstvo.unity
  artifactKey: Guid(40f12cd8ab77ce04495aa617bb601523) Importer(815301076,1909f56bfc062723c751e8b465ee728b)
Start importing Assets/Scenes/Znakomstvo.unity using Guid(40f12cd8ab77ce04495aa617bb601523) Importer(815301076,1909f56bfc062723c751e8b465ee728b)  -> (artifact id: '6ffe3a1a459cefe78bf3804fa5e86093') in 0.031698 seconds
  Import took 0.058498 seconds .

========================================================================
Received Prepare
Refreshing native plugins compatible for Editor in 3.09 ms, found 0 plugins.
Preloading 0 native plugins for Editor in 0.00 ms.
Unloading 3 Unused Serialized files (Serialized files now loaded: 0)
System memory in use before: 36.5 MB.
System memory in use after: 36.6 MB.

Unloading 2 unused Assets to reduce memory usage. Loaded Objects now: 1625.
Total: 5.401500 ms (FindLiveObjects: 0.359400 ms CreateObjectMapping: 0.106700 ms MarkObjects: 4.900800 ms  DeleteObjects: 0.032600 ms)

========================================================================
Received Import Request.
  Time since last request: 160.894495 seconds.
  path: Assets/Scenes/Menu.unity
  artifactKey: Guid(b30ee16c9d1169640b01e8ca90d9a9d6) Importer(815301076,1909f56bfc062723c751e8b465ee728b)
Start importing Assets/Scenes/Menu.unity using Guid(b30ee16c9d1169640b01e8ca90d9a9d6) Importer(815301076,1909f56bfc062723c751e8b465ee728b)  -> (artifact id: 'c0607ae9404d25a5d3fc66a430ef50e5') in 0.026160 seconds
  Import took 0.093405 seconds .

========================================================================
Received Import Request.
  Time since last request: 13.371030 seconds.
  path: Assets/Scenes/MenuOrgani.unity
  artifactKey: Guid(7318d46c07afba94982b7241c45028f8) Importer(815301076,1909f56bfc062723c751e8b465ee728b)
Start importing Assets/Scenes/MenuOrgani.unity using Guid(7318d46c07afba94982b7241c45028f8) Importer(815301076,1909f56bfc062723c751e8b465ee728b)  -> (artifact id: 'a336d75159f6dfbed37891cd14d7946e') in 0.039660 seconds
  Import took 0.108416 seconds .

========================================================================
Received Prepare
Refreshing native plugins compatible for Editor in 2.49 ms, found 0 plugins.
Preloading 0 native plugins for Editor in 0.00 ms.
Unloading 3 Unused Serialized files (Serialized files now loaded: 0)
System memory in use before: 36.5 MB.
System memory in use after: 36.6 MB.

Unloading 2 unused Assets to reduce memory usage. Loaded Objects now: 1625.
Total: 5.142700 ms (FindLiveObjects: 0.362000 ms CreateObjectMapping: 0.099800 ms MarkObjects: 4.648400 ms  DeleteObjects: 0.030000 ms)

========================================================================
Received Import Request.
  Time since last request: 835.132586 seconds.
  path: Assets/Scenes/Oboznachenie.unity
  artifactKey: Guid(25cb926c0f9999a419c20a9c343ad22c) Importer(815301076,1909f56bfc062723c751e8b465ee728b)
Start importing Assets/Scenes/Oboznachenie.unity using Guid(25cb926c0f9999a419c20a9c343ad22c) Importer(815301076,1909f56bfc062723c751e8b465ee728b)  -> (artifact id: 'a0c79cd0eb565fc75ef1c6f4fba6906e') in 0.029149 seconds
  Import took 0.092505 seconds .

========================================================================
Received Prepare
Refreshing native plugins compatible for Editor in 2.23 ms, found 0 plugins.
Preloading 0 native plugins for Editor in 0.00 ms.
Unloading 3 Unused Serialized files (Serialized files now loaded: 0)
System memory in use before: 36.5 MB.
System memory in use after: 36.6 MB.

Unloading 2 unused Assets to reduce memory usage. Loaded Objects now: 1625.
Total: 7.381600 ms (FindLiveObjects: 1.159800 ms CreateObjectMapping: 0.260600 ms MarkObjects: 5.882600 ms  DeleteObjects: 0.074400 ms)

========================================================================
Received Prepare
Refreshing native plugins compatible for Editor in 2.45 ms, found 0 plugins.
Preloading 0 native plugins for Editor in 0.00 ms.
Unloading 3 Unused Serialized files (Serialized files now loaded: 0)
System memory in use before: 36.5 MB.
System memory in use after: 36.6 MB.

Unloading 2 unused Assets to reduce memory usage. Loaded Objects now: 1625.
Total: 8.400300 ms (FindLiveObjects: 0.642300 ms CreateObjectMapping: 0.531200 ms MarkObjects: 7.141700 ms  DeleteObjects: 0.081000 ms)

========================================================================
Received Import Request.
  Time since last request: 432.043736 seconds.
  path: Assets/Scenes/Support.unity
  artifactKey: Guid(1f66b5f737df93541bf384743e1de0ed) Importer(815301076,1909f56bfc062723c751e8b465ee728b)
Start importing Assets/Scenes/Support.unity using Guid(1f66b5f737df93541bf384743e1de0ed) Importer(815301076,1909f56bfc062723c751e8b465ee728b)  -> (artifact id: 'c964f44d888685ec4dbf92a28edcab17') in 0.046020 seconds
  Import took 0.103405 seconds .

========================================================================
Received Prepare
Refreshing native plugins compatible for Editor in 2.35 ms, found 0 plugins.
Preloading 0 native plugins for Editor in 0.00 ms.
Unloading 3 Unused Serialized files (Serialized files now loaded: 0)
System memory in use before: 36.5 MB.
System memory in use after: 36.6 MB.

Unloading 2 unused Assets to reduce memory usage. Loaded Objects now: 1625.
Total: 6.147200 ms (FindLiveObjects: 0.712600 ms CreateObjectMapping: 0.131000 ms MarkObjects: 5.269800 ms  DeleteObjects: 0.031000 ms)

========================================================================
Received Import Request.
  Time since last request: 116.608781 seconds.
  path: Assets/Scenes/UpravlenieSupportom2.unity
  artifactKey: Guid(0bfff8bc69073ac4f99f135e63faa73d) Importer(815301076,1909f56bfc062723c751e8b465ee728b)
Start importing Assets/Scenes/UpravlenieSupportom2.unity using Guid(0bfff8bc69073ac4f99f135e63faa73d) Importer(815301076,1909f56bfc062723c751e8b465ee728b)  -> (artifact id: 'f56aba19e34011f82f8d1bc91b6e2a01') in 0.048546 seconds
  Import took 0.127595 seconds .

========================================================================
Received Import Request.
  Time since last request: 12.106114 seconds.
  path: Assets/Scenes/UpravlenieSupportom2.unity
  artifactKey: Guid(0bfff8bc69073ac4f99f135e63faa73d) Importer(815301076,1909f56bfc062723c751e8b465ee728b)
Start importing Assets/Scenes/UpravlenieSupportom2.unity using Guid(0bfff8bc69073ac4f99f135e63faa73d) Importer(815301076,1909f56bfc062723c751e8b465ee728b)  -> (artifact id: 'e2cf941da0e35066ac233f32bc9681dd') in 0.026858 seconds
  Import took 0.049710 seconds .

========================================================================
Received Prepare
Refreshing native plugins compatible for Editor in 2.30 ms, found 0 plugins.
Preloading 0 native plugins for Editor in 0.00 ms.
Unloading 3 Unused Serialized files (Serialized files now loaded: 0)
System memory in use before: 36.5 MB.
System memory in use after: 36.6 MB.

Unloading 2 unused Assets to reduce memory usage. Loaded Objects now: 1625.
Total: 5.254500 ms (FindLiveObjects: 0.345600 ms CreateObjectMapping: 0.099100 ms MarkObjects: 4.777400 ms  DeleteObjects: 0.030200 ms)

========================================================================
Received Prepare
Refreshing native plugins compatible for Editor in 2.12 ms, found 0 plugins.
Preloading 0 native plugins for Editor in 0.00 ms.
Unloading 3 Unused Serialized files (Serialized files now loaded: 0)
System memory in use before: 36.5 MB.
System memory in use after: 36.6 MB.

Unloading 2 unused Assets to reduce memory usage. Loaded Objects now: 1625.
Total: 6.772200 ms (FindLiveObjects: 1.127600 ms CreateObjectMapping: 0.244500 ms MarkObjects: 5.356600 ms  DeleteObjects: 0.039100 ms)

========================================================================
Received Prepare
Refreshing native plugins compatible for Editor in 2.17 ms, found 0 plugins.
Preloading 0 native plugins for Editor in 0.00 ms.
Unloading 3 Unused Serialized files (Serialized files now loaded: 0)
System memory in use before: 36.5 MB.
System memory in use after: 36.6 MB.

Unloading 2 unused Assets to reduce memory usage. Loaded Objects now: 1625.
Total: 7.461500 ms (FindLiveObjects: 0.784200 ms CreateObjectMapping: 0.198800 ms MarkObjects: 6.439700 ms  DeleteObjects: 0.034400 ms)

========================================================================
Received Import Request.
  Time since last request: 442.697105 seconds.
  path: Assets/Scenes/PerednyaBabkaVerh.unity
  artifactKey: Guid(58ce707dda3d5e6428398304c92030eb) Importer(815301076,1909f56bfc062723c751e8b465ee728b)
Start importing Assets/Scenes/PerednyaBabkaVerh.unity using Guid(58ce707dda3d5e6428398304c92030eb) Importer(815301076,1909f56bfc062723c751e8b465ee728b)  -> (artifact id: '8c5622ef40d75ebebd17ad826746eaf3') in 0.049797 seconds
  Import took 0.091284 seconds .

========================================================================
Received Import Request.
  Time since last request: 20.860070 seconds.
  path: Assets/Scenes/Posledovatelnost.unity
  artifactKey: Guid(ad69e59cc78fbbc49b7e7c86c6ef8aa4) Importer(815301076,1909f56bfc062723c751e8b465ee728b)
Start importing Assets/Scenes/Posledovatelnost.unity using Guid(ad69e59cc78fbbc49b7e7c86c6ef8aa4) Importer(815301076,1909f56bfc062723c751e8b465ee728b)  -> (artifact id: '933502330be805673445e5c79663561f') in 0.033056 seconds
  Import took 0.047967 seconds .

========================================================================
Received Import Request.
  Time since last request: 0.002333 seconds.
  path: Assets/Scenes/Posledovatelnost.unity
  artifactKey: Guid(ad69e59cc78fbbc49b7e7c86c6ef8aa4) Importer(815301076,1909f56bfc062723c751e8b465ee728b)
Start importing Assets/Scenes/Posledovatelnost.unity using Guid(ad69e59cc78fbbc49b7e7c86c6ef8aa4) Importer(815301076,1909f56bfc062723c751e8b465ee728b)  -> (artifact id: '933502330be805673445e5c79663561f') in 0.009536 seconds
  Import took 0.035710 seconds .

========================================================================
Received Import Request.
  Time since last request: 1.120371 seconds.
  path: Assets/Scenes/Rezez.unity
  artifactKey: Guid(a14cba9aa34709f4f8eb69149ce21553) Importer(815301076,1909f56bfc062723c751e8b465ee728b)
Start importing Assets/Scenes/Rezez.unity using Guid(a14cba9aa34709f4f8eb69149ce21553) Importer(815301076,1909f56bfc062723c751e8b465ee728b)  -> (artifact id: 'e8784a3a67a10713a71b10e7e2e774c6') in 0.034234 seconds
  Import took 0.050848 seconds .

========================================================================
Received Import Request.
  Time since last request: 10.261011 seconds.
  path: Assets/Scenes/Smenahesterenok.unity
  artifactKey: Guid(80a15a92afe55594eb994c736e639621) Importer(815301076,1909f56bfc062723c751e8b465ee728b)
Start importing Assets/Scenes/Smenahesterenok.unity using Guid(80a15a92afe55594eb994c736e639621) Importer(815301076,1909f56bfc062723c751e8b465ee728b)  -> (artifact id: 'aae24130b531b4478ed46703d1d68b1d') in 0.032988 seconds
  Import took 0.112390 seconds .

========================================================================
Received Import Request.
  Time since last request: 9.460854 seconds.
  path: Assets/Scenes/SmenaPatrona.unity
  artifactKey: Guid(85841d45e4199a94999f675ecf8e0a9d) Importer(815301076,1909f56bfc062723c751e8b465ee728b)
Start importing Assets/Scenes/SmenaPatrona.unity using Guid(85841d45e4199a94999f675ecf8e0a9d) Importer(815301076,1909f56bfc062723c751e8b465ee728b)  -> (artifact id: 'f64b87a8eb7c501d6179ed6b00099a48') in 0.038059 seconds
  Import took 0.042757 seconds .

========================================================================
Received Import Request.
  Time since last request: 9.395410 seconds.
  path: Assets/Scenes/Stanok.unity
  artifactKey: Guid(ffbe656f84575914581a402590ad181f) Importer(815301076,1909f56bfc062723c751e8b465ee728b)
Start importing Assets/Scenes/Stanok.unity using Guid(ffbe656f84575914581a402590ad181f) Importer(815301076,1909f56bfc062723c751e8b465ee728b)  -> (artifact id: 'a38358576afbd1326789818637480a9f') in 0.036426 seconds
  Import took 0.115932 seconds .

========================================================================
Received Import Request.
  Time since last request: 27.128795 seconds.
  path: Assets/Scenes/Support.unity
  artifactKey: Guid(1f66b5f737df93541bf384743e1de0ed) Importer(815301076,1909f56bfc062723c751e8b465ee728b)
Start importing Assets/Scenes/Support.unity using Guid(1f66b5f737df93541bf384743e1de0ed) Importer(815301076,1909f56bfc062723c751e8b465ee728b)  -> (artifact id: '94c0f28479ead8385c6929f75f04f981') in 0.036984 seconds
  Import took 0.042012 seconds .

========================================================================
Received Import Request.
  Time since last request: 0.001895 seconds.
  path: Assets/Scenes/Support.unity
  artifactKey: Guid(1f66b5f737df93541bf384743e1de0ed) Importer(815301076,1909f56bfc062723c751e8b465ee728b)
Start importing Assets/Scenes/Support.unity using Guid(1f66b5f737df93541bf384743e1de0ed) Importer(815301076,1909f56bfc062723c751e8b465ee728b)  -> (artifact id: '94c0f28479ead8385c6929f75f04f981') in 0.009903 seconds
  Import took 0.014492 seconds .

========================================================================
Received Import Request.
  Time since last request: 7.761096 seconds.
  path: Assets/Scenes/UpravlenieShpindel.unity
  artifactKey: Guid(cddd2ec511a42c647861dd7d2f15045c) Importer(815301076,1909f56bfc062723c751e8b465ee728b)
Start importing Assets/Scenes/UpravlenieShpindel.unity using Guid(cddd2ec511a42c647861dd7d2f15045c) Importer(815301076,1909f56bfc062723c751e8b465ee728b)  -> (artifact id: '2d3cea789002105da17d5c1d217cb22f') in 0.037160 seconds
  Import took 0.098860 seconds .

========================================================================
Received Import Request.
  Time since last request: 12.414478 seconds.
  path: Assets/Scenes/UpravlenieZad.unity
  artifactKey: Guid(d6360604839d7ba42b468a806fa74d8b) Importer(815301076,1909f56bfc062723c751e8b465ee728b)
Start importing Assets/Scenes/UpravlenieZad.unity using Guid(d6360604839d7ba42b468a806fa74d8b) Importer(815301076,1909f56bfc062723c751e8b465ee728b)  -> (artifact id: '1b4018d0473a87a24f9764b31c1edd43') in 0.052931 seconds
  Import took 0.115135 seconds .

========================================================================
Received Import Request.
  Time since last request: 10.003623 seconds.
  path: Assets/Scenes/UpravlenieZadBabka.unity
  artifactKey: Guid(e1dfd75903ac8b143bde86f23c2016c4) Importer(815301076,1909f56bfc062723c751e8b465ee728b)
Start importing Assets/Scenes/UpravlenieZadBabka.unity using Guid(e1dfd75903ac8b143bde86f23c2016c4) Importer(815301076,1909f56bfc062723c751e8b465ee728b)  -> (artifact id: '183f789423eecd97990ac82bd5e5bd1b') in 0.037333 seconds
  Import took 0.070794 seconds .

========================================================================
Received Import Request.
  Time since last request: 9.415700 seconds.
  path: Assets/Scenes/ZadnyaBabka.unity
  artifactKey: Guid(6a945a0a561b5c4439d642e970cefb80) Importer(815301076,1909f56bfc062723c751e8b465ee728b)
Start importing Assets/Scenes/ZadnyaBabka.unity using Guid(6a945a0a561b5c4439d642e970cefb80) Importer(815301076,1909f56bfc062723c751e8b465ee728b)  -> (artifact id: 'b0746296d812994f7c39d15415337677') in 0.037954 seconds
  Import took 0.096919 seconds .

========================================================================
Received Import Request.
  Time since last request: 1.195062 seconds.
  path: Assets/Scenes/ZadnyaBabkaAnimation.unity
  artifactKey: Guid(e9046bfc435059b448b225859ab4410d) Importer(815301076,1909f56bfc062723c751e8b465ee728b)
Start importing Assets/Scenes/ZadnyaBabkaAnimation.unity using Guid(e9046bfc435059b448b225859ab4410d) Importer(815301076,1909f56bfc062723c751e8b465ee728b)  -> (artifact id: 'c57141be4df9433d98c1a756c9848f08') in 0.038184 seconds
  Import took 0.101900 seconds .

========================================================================
Received Import Request.
  Time since last request: 2.799411 seconds.
  path: Assets/Scenes/ZamenaPatrona.unity
  artifactKey: Guid(751099da986b0644bb91c9b9edc38ca3) Importer(815301076,1909f56bfc062723c751e8b465ee728b)
Start importing Assets/Scenes/ZamenaPatrona.unity using Guid(751099da986b0644bb91c9b9edc38ca3) Importer(815301076,1909f56bfc062723c751e8b465ee728b)  -> (artifact id: '70d25eb059485ca05d782a9bcf70af72') in 0.039016 seconds
  Import took 0.073210 seconds .

========================================================================
Received Import Request.
  Time since last request: 6.666619 seconds.
  path: Assets/Scenes/ZamenaShesterenok.unity
  artifactKey: Guid(228251442dc944442b1a30d887b1e48b) Importer(815301076,1909f56bfc062723c751e8b465ee728b)
Start importing Assets/Scenes/ZamenaShesterenok.unity using Guid(228251442dc944442b1a30d887b1e48b) Importer(815301076,1909f56bfc062723c751e8b465ee728b)  -> (artifact id: '55272772caa79d4302f61b990f80a940') in 0.033282 seconds
  Import took 0.037732 seconds .

========================================================================
Received Import Request.
  Time since last request: 7.039595 seconds.
  path: Assets/Scenes/ZamenaShesterni2.unity
  artifactKey: Guid(780391ae76311ea429dc2e5d6cb414a4) Importer(815301076,1909f56bfc062723c751e8b465ee728b)
Start importing Assets/Scenes/ZamenaShesterni2.unity using Guid(780391ae76311ea429dc2e5d6cb414a4) Importer(815301076,1909f56bfc062723c751e8b465ee728b)  -> (artifact id: '6834186b36f90874c97c1692232eba7e') in 0.035209 seconds
  Import took 0.192349 seconds .

========================================================================
Received Import Request.
  Time since last request: 2.806392 seconds.
  path: Assets/Scenes/Znakomstvo.unity
  artifactKey: Guid(40f12cd8ab77ce04495aa617bb601523) Importer(815301076,1909f56bfc062723c751e8b465ee728b)
Start importing Assets/Scenes/Znakomstvo.unity using Guid(40f12cd8ab77ce04495aa617bb601523) Importer(815301076,1909f56bfc062723c751e8b465ee728b)  -> (artifact id: '1fe22478e1c9ea1cfa345e0e31761d59') in 0.033524 seconds
  Import took 0.111909 seconds .

========================================================================
Received Prepare
Refreshing native plugins compatible for Editor in 2.37 ms, found 0 plugins.
Preloading 0 native plugins for Editor in 0.00 ms.
Unloading 3 Unused Serialized files (Serialized files now loaded: 0)
System memory in use before: 36.6 MB.
System memory in use after: 36.7 MB.

Unloading 2 unused Assets to reduce memory usage. Loaded Objects now: 1625.
Total: 5.603000 ms (FindLiveObjects: 0.363900 ms CreateObjectMapping: 0.122000 ms MarkObjects: 5.079200 ms  DeleteObjects: 0.034700 ms)

========================================================================
Received Import Request.
  Time since last request: 380.769496 seconds.
  path: Assets/Scenes/UpravlenieZad.unity
  artifactKey: Guid(d6360604839d7ba42b468a806fa74d8b) Importer(815301076,1909f56bfc062723c751e8b465ee728b)
Start importing Assets/Scenes/UpravlenieZad.unity using Guid(d6360604839d7ba42b468a806fa74d8b) Importer(815301076,1909f56bfc062723c751e8b465ee728b)  -> (artifact id: '036d2250913927ebc5aaa2f4e017b91b') in 0.040453 seconds
  Import took 0.104595 seconds .

========================================================================
Received Import Request.
  Time since last request: 56.503587 seconds.
  path: Assets/Scenes/UpravlenieZadBabka.unity
  artifactKey: Guid(e1dfd75903ac8b143bde86f23c2016c4) Importer(815301076,1909f56bfc062723c751e8b465ee728b)
Start importing Assets/Scenes/UpravlenieZadBabka.unity using Guid(e1dfd75903ac8b143bde86f23c2016c4) Importer(815301076,1909f56bfc062723c751e8b465ee728b)  -> (artifact id: '2a56c42aa4298beaa570b5ae2422ae7e') in 0.031445 seconds
  Import took 0.118234 seconds .

========================================================================
Received Prepare
Registering precompiled user dll's ...
Registered in 0.031110 seconds.
Begin MonoManager ReloadAssembly
Native extension for WindowsStandalone target not found
Refreshing native plugins compatible for Editor in 0.60 ms, found 0 plugins.
Preloading 0 native plugins for Editor in 0.00 ms.
Invoked RoslynAnalysisRunner static constructor.
RoslynAnalysisRunner will not be running.
RoslynAnalysisRunner has terminated.
Mono: successfully reloaded assembly
- Completed reload, in  5.636 seconds
Platform modules already initialized, skipping
Refreshing native plugins compatible for Editor in 0.55 ms, found 0 plugins.
Preloading 0 native plugins for Editor in 0.00 ms.
Unloading 1169 Unused Serialized files (Serialized files now loaded: 0)
System memory in use before: 60.3 MB.
System memory in use after: 60.4 MB.

Unloading 4 unused Assets to reduce memory usage. Loaded Objects now: 1628.
Total: 3.624700 ms (FindLiveObjects: 0.579200 ms CreateObjectMapping: 0.094100 ms MarkObjects: 2.855600 ms  DeleteObjects: 0.091000 ms)

========================================================================
Received Import Request.
  Time since last request: 817.689161 seconds.
  path: Assets/Scripts/MainMenu.cs
  artifactKey: Guid(743472867c696be48953acb0613f5e04) Importer(815301076,1909f56bfc062723c751e8b465ee728b)
Start importing Assets/Scripts/MainMenu.cs using Guid(743472867c696be48953acb0613f5e04) Importer(815301076,1909f56bfc062723c751e8b465ee728b)  -> (artifact id: '4b5e147a7dae708285f2edfe60195379') in 3.171992 seconds
  Import took 3.189914 seconds .

========================================================================
Received Prepare
Refreshing native plugins compatible for Editor in 2.23 ms, found 0 plugins.
Preloading 0 native plugins for Editor in 0.00 ms.
Unloading 3 Unused Serialized files (Serialized files now loaded: 0)
System memory in use before: 36.8 MB.
System memory in use after: 36.9 MB.

Unloading 2 unused Assets to reduce memory usage. Loaded Objects now: 1628.
Total: 8.488300 ms (FindLiveObjects: 0.380500 ms CreateObjectMapping: 0.110900 ms MarkObjects: 7.958300 ms  DeleteObjects: 0.035600 ms)

========================================================================
Received Import Request.
  Time since last request: 193.607985 seconds.
  path: Assets/Scenes/UpravlenieZad.unity
  artifactKey: Guid(d6360604839d7ba42b468a806fa74d8b) Importer(815301076,1909f56bfc062723c751e8b465ee728b)
Start importing Assets/Scenes/UpravlenieZad.unity using Guid(d6360604839d7ba42b468a806fa74d8b) Importer(815301076,1909f56bfc062723c751e8b465ee728b)  -> (artifact id: '421180f0f9e96f9bf165bdda7916d104') in 0.078571 seconds
  Import took 0.097169 seconds .

========================================================================
Received Prepare
Refreshing native plugins compatible for Editor in 1.62 ms, found 0 plugins.
Preloading 0 native plugins for Editor in 0.00 ms.
Unloading 3 Unused Serialized files (Serialized files now loaded: 0)
System memory in use before: 36.8 MB.
System memory in use after: 36.9 MB.

Unloading 2 unused Assets to reduce memory usage. Loaded Objects now: 1628.
Total: 6.492400 ms (FindLiveObjects: 0.865700 ms CreateObjectMapping: 0.232000 ms MarkObjects: 5.326300 ms  DeleteObjects: 0.064400 ms)

========================================================================
Received Prepare
Refreshing native plugins compatible for Editor in 1.65 ms, found 0 plugins.
Preloading 0 native plugins for Editor in 0.00 ms.
Unloading 3 Unused Serialized files (Serialized files now loaded: 0)
System memory in use before: 36.8 MB.
System memory in use after: 36.9 MB.

Unloading 2 unused Assets to reduce memory usage. Loaded Objects now: 1628.
Total: 5.786400 ms (FindLiveObjects: 0.372200 ms CreateObjectMapping: 0.104000 ms MarkObjects: 5.268700 ms  DeleteObjects: 0.038300 ms)

========================================================================
Received Prepare
Refreshing native plugins compatible for Editor in 2.09 ms, found 0 plugins.
Preloading 0 native plugins for Editor in 0.00 ms.
Unloading 3 Unused Serialized files (Serialized files now loaded: 0)
System memory in use before: 36.8 MB.
System memory in use after: 36.9 MB.

Unloading 2 unused Assets to reduce memory usage. Loaded Objects now: 1628.
Total: 22.139800 ms (FindLiveObjects: 0.359800 ms CreateObjectMapping: 0.107500 ms MarkObjects: 21.641500 ms  DeleteObjects: 0.027600 ms)

========================================================================
Received Import Request.
  Time since last request: 1470.751037 seconds.
  path: Assets/Scenes/Smenahesterenok.unity
  artifactKey: Guid(80a15a92afe55594eb994c736e639621) Importer(815301076,1909f56bfc062723c751e8b465ee728b)
Start importing Assets/Scenes/Smenahesterenok.unity using Guid(80a15a92afe55594eb994c736e639621) Importer(815301076,1909f56bfc062723c751e8b465ee728b)  -> (artifact id: '29004c7afc1d6f5bb3ca6b9beca6182d') in 0.034276 seconds
  Import took 0.093031 seconds .

========================================================================
Received Import Request.
  Time since last request: 3.599916 seconds.
  path: Assets/Scenes/UpravlenieZad.unity
  artifactKey: Guid(d6360604839d7ba42b468a806fa74d8b) Importer(815301076,1909f56bfc062723c751e8b465ee728b)
Start importing Assets/Scenes/UpravlenieZad.unity using Guid(d6360604839d7ba42b468a806fa74d8b) Importer(815301076,1909f56bfc062723c751e8b465ee728b)  -> (artifact id: 'd0909009c9533b4c80df189404793f96') in 0.034616 seconds
  Import took 0.207299 seconds .

========================================================================
Received Prepare
Refreshing native plugins compatible for Editor in 1.78 ms, found 0 plugins.
Preloading 0 native plugins for Editor in 0.00 ms.
Unloading 3 Unused Serialized files (Serialized files now loaded: 0)
System memory in use before: 36.8 MB.
System memory in use after: 36.9 MB.

Unloading 2 unused Assets to reduce memory usage. Loaded Objects now: 1628.
Total: 9.432400 ms (FindLiveObjects: 0.847500 ms CreateObjectMapping: 0.343600 ms MarkObjects: 8.204800 ms  DeleteObjects: 0.033100 ms)

========================================================================
Received Prepare
Refreshing native plugins compatible for Editor in 67.12 ms, found 0 plugins.
Preloading 0 native plugins for Editor in 0.00 ms.
Unloading 3 Unused Serialized files (Serialized files now loaded: 0)
System memory in use before: 36.8 MB.
System memory in use after: 36.9 MB.

Unloading 2 unused Assets to reduce memory usage. Loaded Objects now: 1628.
Total: 8.573300 ms (FindLiveObjects: 1.192400 ms CreateObjectMapping: 0.194000 ms MarkObjects: 7.150900 ms  DeleteObjects: 0.032400 ms)

========================================================================
Received Prepare
Refreshing native plugins compatible for Editor in 1.96 ms, found 0 plugins.
Preloading 0 native plugins for Editor in 0.00 ms.
Unloading 3 Unused Serialized files (Serialized files now loaded: 0)
System memory in use before: 36.8 MB.
System memory in use after: 36.9 MB.

Unloading 2 unused Assets to reduce memory usage. Loaded Objects now: 1628.
Total: 30.553500 ms (FindLiveObjects: 0.418100 ms CreateObjectMapping: 0.496400 ms MarkObjects: 29.607700 ms  DeleteObjects: 0.028100 ms)

========================================================================
Received Import Request.
  Time since last request: 1610.176603 seconds.
  path: Assets/Scenes/Naznachenie.unity
  artifactKey: Guid(7ff28ea2c0e193a4b836dfe1d378fe0d) Importer(815301076,1909f56bfc062723c751e8b465ee728b)
Start importing Assets/Scenes/Naznachenie.unity using Guid(7ff28ea2c0e193a4b836dfe1d378fe0d) Importer(815301076,1909f56bfc062723c751e8b465ee728b)  -> (artifact id: '0cd30708bb4d80d1e951e8bd983a8773') in 0.702392 seconds
  Import took 0.983310 seconds .

========================================================================
Received Import Request.
  Time since last request: 29.822888 seconds.
  path: Assets/Scenes/Oboznachenie 1.unity
  artifactKey: Guid(2dc3c26bc6e68e74b9d3d2ad24e6d4da) Importer(815301076,1909f56bfc062723c751e8b465ee728b)
Start importing Assets/Scenes/Oboznachenie 1.unity using Guid(2dc3c26bc6e68e74b9d3d2ad24e6d4da) Importer(815301076,1909f56bfc062723c751e8b465ee728b)  -> (artifact id: 'db276803f06f5049bf67bfe92add320f') in 0.129895 seconds
  Import took 0.161736 seconds .

========================================================================
Received Import Request.
  Time since last request: 26.565508 seconds.
  path: Assets/Scenes/OboznachenieRezez.unity
  artifactKey: Guid(2dc3c26bc6e68e74b9d3d2ad24e6d4da) Importer(815301076,1909f56bfc062723c751e8b465ee728b)
Start importing Assets/Scenes/OboznachenieRezez.unity using Guid(2dc3c26bc6e68e74b9d3d2ad24e6d4da) Importer(815301076,1909f56bfc062723c751e8b465ee728b)  -> (artifact id: 'd2979aa5b2436c50cbfedcda6ba48e54') in 0.061027 seconds
  Import took 0.080550 seconds .

========================================================================
Received Import Request.
  Time since last request: 17.235160 seconds.
  path: Assets/Scenes/Oboznachenie 1.unity
  artifactKey: Guid(8850c728d0436fa4f9723fda7afc907f) Importer(815301076,1909f56bfc062723c751e8b465ee728b)
Start importing Assets/Scenes/Oboznachenie 1.unity using Guid(8850c728d0436fa4f9723fda7afc907f) Importer(815301076,1909f56bfc062723c751e8b465ee728b)  -> (artifact id: 'b41be4efc8095978493bfbdcf56e4fed') in 0.031643 seconds
  Import took 0.081630 seconds .

========================================================================
Received Import Request.
  Time since last request: 14.985550 seconds.
  path: Assets/Scenes/OboznachenieRezez.unity
  artifactKey: Guid(8850c728d0436fa4f9723fda7afc907f) Importer(815301076,1909f56bfc062723c751e8b465ee728b)
Start importing Assets/Scenes/OboznachenieRezez.unity using Guid(8850c728d0436fa4f9723fda7afc907f) Importer(815301076,1909f56bfc062723c751e8b465ee728b)  -> (artifact id: 'c12cb20b2e5c5c8cae2c676b2ce7e361') in 0.026132 seconds
  Import took 0.050502 seconds .

========================================================================
Received Import Request.
  Time since last request: 110.742036 seconds.
  path: Assets/Image/RezezImage.jpg
  artifactKey: Guid(a56b31ec94e099e4dadef6626fe6c014) Importer(815301076,1909f56bfc062723c751e8b465ee728b)
Start importing Assets/Image/RezezImage.jpg using Guid(a56b31ec94e099e4dadef6626fe6c014) Importer(815301076,1909f56bfc062723c751e8b465ee728b)  -> (artifact id: '00000000000000000000000000000000') in 17.442031 seconds
  ERROR: Build asset version error: assets/image/rezezimage.jpg in SourceAssetDB has modification time of '2021-06-03T13:14:10.6952877Z' while content on disk has modification time of '2021-06-03T13:14:42.7788763Z'
  Import took 17.473159 seconds .

========================================================================
Received Import Request.
  Time since last request: 0.056971 seconds.
  path: Assets/Image/RezezImage.jpg
  artifactKey: Guid(a56b31ec94e099e4dadef6626fe6c014) Importer(815301076,1909f56bfc062723c751e8b465ee728b)
Start importing Assets/Image/RezezImage.jpg using Guid(a56b31ec94e099e4dadef6626fe6c014) Importer(815301076,1909f56bfc062723c751e8b465ee728b)  -> (artifact id: '00000000000000000000000000000000') in 0.030399 seconds
  ERROR: Build asset version error: assets/image/rezezimage.jpg in SourceAssetDB has modification time of '2021-06-03T13:14:10.6952877Z' while content on disk has modification time of '2021-06-03T13:14:42.7788763Z'
  Import took 0.037243 seconds .

========================================================================
Received Import Request.
  Time since last request: 0.047428 seconds.
  path: Assets/Image/RezezImage.jpg
  artifactKey: Guid(a56b31ec94e099e4dadef6626fe6c014) Importer(815301076,1909f56bfc062723c751e8b465ee728b)
Start importing Assets/Image/RezezImage.jpg using Guid(a56b31ec94e099e4dadef6626fe6c014) Importer(815301076,1909f56bfc062723c751e8b465ee728b)  -> (artifact id: '00000000000000000000000000000000') in 0.052410 seconds
  ERROR: Build asset version error: assets/image/rezezimage.jpg in SourceAssetDB has modification time of '2021-06-03T13:14:10.6952877Z' while content on disk has modification time of '2021-06-03T13:14:42.7788763Z'
  Import took 0.057677 seconds .

========================================================================
Received Import Request.
  Time since last request: 0.025686 seconds.
  path: Assets/Image/RezezImage.jpg
  artifactKey: Guid(a56b31ec94e099e4dadef6626fe6c014) Importer(815301076,1909f56bfc062723c751e8b465ee728b)
Start importing Assets/Image/RezezImage.jpg using Guid(a56b31ec94e099e4dadef6626fe6c014) Importer(815301076,1909f56bfc062723c751e8b465ee728b)  -> (artifact id: '00000000000000000000000000000000') in 0.017752 seconds
  ERROR: Build asset version error: assets/image/rezezimage.jpg in SourceAssetDB has modification time of '2021-06-03T13:14:10.6952877Z' while content on disk has modification time of '2021-06-03T13:14:42.7788763Z'
  Import took 0.023444 seconds .

========================================================================
Received Import Request.
  Time since last request: 0.059398 seconds.
  path: Assets/Image/RezezImage.jpg
  artifactKey: Guid(a56b31ec94e099e4dadef6626fe6c014) Importer(815301076,1909f56bfc062723c751e8b465ee728b)
Start importing Assets/Image/RezezImage.jpg using Guid(a56b31ec94e099e4dadef6626fe6c014) Importer(815301076,1909f56bfc062723c751e8b465ee728b)  -> (artifact id: '00000000000000000000000000000000') in 0.043995 seconds
  ERROR: Build asset version error: assets/image/rezezimage.jpg in SourceAssetDB has modification time of '2021-06-03T13:14:10.6952877Z' while content on disk has modification time of '2021-06-03T13:14:42.7788763Z'
  Import took 0.048369 seconds .

========================================================================
Received Import Request.
  Time since last request: 2.732563 seconds.
  path: Assets/Image/RezezImage.jpg
  artifactKey: Guid(a56b31ec94e099e4dadef6626fe6c014) Importer(815301076,1909f56bfc062723c751e8b465ee728b)
Start importing Assets/Image/RezezImage.jpg using Guid(a56b31ec94e099e4dadef6626fe6c014) Importer(815301076,1909f56bfc062723c751e8b465ee728b)  -> (artifact id: '00000000000000000000000000000000') in 0.015309 seconds
  ERROR: Build asset version error: assets/image/rezezimage.jpg in SourceAssetDB has modification time of '2021-06-03T13:14:10.6952877Z' while content on disk has modification time of '2021-06-03T13:14:42.7788763Z'
  Import took 0.019978 seconds .

========================================================================
Received Import Request.
  Time since last request: 0.138562 seconds.
  path: Assets/Image/RezezImage.jpg
  artifactKey: Guid(a56b31ec94e099e4dadef6626fe6c014) Importer(815301076,1909f56bfc062723c751e8b465ee728b)
Start importing Assets/Image/RezezImage.jpg using Guid(a56b31ec94e099e4dadef6626fe6c014) Importer(815301076,1909f56bfc062723c751e8b465ee728b)  -> (artifact id: '00000000000000000000000000000000') in 0.041448 seconds
  ERROR: Build asset version error: assets/image/rezezimage.jpg in SourceAssetDB has modification time of '2021-06-03T13:14:10.6952877Z' while content on disk has modification time of '2021-06-03T13:14:42.7788763Z'
  Import took 0.051189 seconds .

========================================================================
Received Import Request.
  Time since last request: 0.036548 seconds.
  path: Assets/Image/RezezImage.jpg
  artifactKey: Guid(a56b31ec94e099e4dadef6626fe6c014) Importer(815301076,1909f56bfc062723c751e8b465ee728b)
Start importing Assets/Image/RezezImage.jpg using Guid(a56b31ec94e099e4dadef6626fe6c014) Importer(815301076,1909f56bfc062723c751e8b465ee728b)  -> (artifact id: '00000000000000000000000000000000') in 0.013962 seconds
  ERROR: Build asset version error: assets/image/rezezimage.jpg in SourceAssetDB has modification time of '2021-06-03T13:14:10.6952877Z' while content on disk has modification time of '2021-06-03T13:14:42.7788763Z'
  Import took 0.017893 seconds .

========================================================================
Received Import Request.
  Time since last request: 0.028923 seconds.
  path: Assets/Image/RezezImage.jpg
  artifactKey: Guid(a56b31ec94e099e4dadef6626fe6c014) Importer(815301076,1909f56bfc062723c751e8b465ee728b)
Start importing Assets/Image/RezezImage.jpg using Guid(a56b31ec94e099e4dadef6626fe6c014) Importer(815301076,1909f56bfc062723c751e8b465ee728b)  -> (artifact id: '00000000000000000000000000000000') in 0.037409 seconds
  ERROR: Build asset version error: assets/image/rezezimage.jpg in SourceAssetDB has modification time of '2021-06-03T13:14:10.6952877Z' while content on disk has modification time of '2021-06-03T13:14:42.7788763Z'
  Import took 0.042826 seconds .

========================================================================
Received Import Request.
  Time since last request: 0.026277 seconds.
  path: Assets/Image/RezezImage.jpg
  artifactKey: Guid(a56b31ec94e099e4dadef6626fe6c014) Importer(815301076,1909f56bfc062723c751e8b465ee728b)
Start importing Assets/Image/RezezImage.jpg using Guid(a56b31ec94e099e4dadef6626fe6c014) Importer(815301076,1909f56bfc062723c751e8b465ee728b)  -> (artifact id: '00000000000000000000000000000000') in 0.025152 seconds
  ERROR: Build asset version error: assets/image/rezezimage.jpg in SourceAssetDB has modification time of '2021-06-03T13:14:10.6952877Z' while content on disk has modification time of '2021-06-03T13:14:42.7788763Z'
  Import took 0.029535 seconds .

========================================================================
Received Import Request.
  Time since last request: 0.049851 seconds.
  path: Assets/Image/RezezImage.jpg
  artifactKey: Guid(a56b31ec94e099e4dadef6626fe6c014) Importer(815301076,1909f56bfc062723c751e8b465ee728b)
Start importing Assets/Image/RezezImage.jpg using Guid(a56b31ec94e099e4dadef6626fe6c014) Importer(815301076,1909f56bfc062723c751e8b465ee728b)  -> (artifact id: '00000000000000000000000000000000') in 0.056932 seconds
  ERROR: Build asset version error: assets/image/rezezimage.jpg in SourceAssetDB has modification time of '2021-06-03T13:14:10.6952877Z' while content on disk has modification time of '2021-06-03T13:14:42.7788763Z'
  Import took 0.067406 seconds .

========================================================================
Received Import Request.
  Time since last request: 0.050306 seconds.
  path: Assets/Image/RezezImage.jpg
  artifactKey: Guid(a56b31ec94e099e4dadef6626fe6c014) Importer(815301076,1909f56bfc062723c751e8b465ee728b)
Start importing Assets/Image/RezezImage.jpg using Guid(a56b31ec94e099e4dadef6626fe6c014) Importer(815301076,1909f56bfc062723c751e8b465ee728b)  -> (artifact id: '00000000000000000000000000000000') in 0.053521 seconds
  ERROR: Build asset version error: assets/image/rezezimage.jpg in SourceAssetDB has modification time of '2021-06-03T13:14:10.6952877Z' while content on disk has modification time of '2021-06-03T13:14:42.7788763Z'
  Import took 0.057848 seconds .

========================================================================
Received Import Request.
  Time since last request: 0.029675 seconds.
  path: Assets/Image/RezezImage.jpg
  artifactKey: Guid(a56b31ec94e099e4dadef6626fe6c014) Importer(815301076,1909f56bfc062723c751e8b465ee728b)
Start importing Assets/Image/RezezImage.jpg using Guid(a56b31ec94e099e4dadef6626fe6c014) Importer(815301076,1909f56bfc062723c751e8b465ee728b)  -> (artifact id: '00000000000000000000000000000000') in 0.058125 seconds
  ERROR: Build asset version error: assets/image/rezezimage.jpg in SourceAssetDB has modification time of '2021-06-03T13:14:10.6952877Z' while content on disk has modification time of '2021-06-03T13:14:42.7788763Z'
  Import took 0.062040 seconds .

========================================================================
Received Import Request.
  Time since last request: 0.045293 seconds.
  path: Assets/Image/RezezImage.jpg
  artifactKey: Guid(a56b31ec94e099e4dadef6626fe6c014) Importer(815301076,1909f56bfc062723c751e8b465ee728b)
Start importing Assets/Image/RezezImage.jpg using Guid(a56b31ec94e099e4dadef6626fe6c014) Importer(815301076,1909f56bfc062723c751e8b465ee728b)  -> (artifact id: '00000000000000000000000000000000') in 0.047517 seconds
  ERROR: Build asset version error: assets/image/rezezimage.jpg in SourceAssetDB has modification time of '2021-06-03T13:14:10.6952877Z' while content on disk has modification time of '2021-06-03T13:14:42.7788763Z'
  Import took 0.052442 seconds .

========================================================================
Received Import Request.
  Time since last request: 0.037496 seconds.
  path: Assets/Image/RezezImage.jpg
  artifactKey: Guid(a56b31ec94e099e4dadef6626fe6c014) Importer(815301076,1909f56bfc062723c751e8b465ee728b)
Start importing Assets/Image/RezezImage.jpg using Guid(a56b31ec94e099e4dadef6626fe6c014) Importer(815301076,1909f56bfc062723c751e8b465ee728b)  -> (artifact id: '00000000000000000000000000000000') in 0.041564 seconds
  ERROR: Build asset version error: assets/image/rezezimage.jpg in SourceAssetDB has modification time of '2021-06-03T13:14:10.6952877Z' while content on disk has modification time of '2021-06-03T13:14:42.7788763Z'
  Import took 0.046204 seconds .

========================================================================
Received Import Request.
  Time since last request: 0.043639 seconds.
  path: Assets/Image/RezezImage.jpg
  artifactKey: Guid(a56b31ec94e099e4dadef6626fe6c014) Importer(815301076,1909f56bfc062723c751e8b465ee728b)
Start importing Assets/Image/RezezImage.jpg using Guid(a56b31ec94e099e4dadef6626fe6c014) Importer(815301076,1909f56bfc062723c751e8b465ee728b)  -> (artifact id: '00000000000000000000000000000000') in 0.030534 seconds
  ERROR: Build asset version error: assets/image/rezezimage.jpg in SourceAssetDB has modification time of '2021-06-03T13:14:10.6952877Z' while content on disk has modification time of '2021-06-03T13:14:42.7788763Z'
  Import took 0.043005 seconds .

========================================================================
Received Import Request.
  Time since last request: 0.043355 seconds.
  path: Assets/Image/RezezImage.jpg
  artifactKey: Guid(a56b31ec94e099e4dadef6626fe6c014) Importer(815301076,1909f56bfc062723c751e8b465ee728b)
Start importing Assets/Image/RezezImage.jpg using Guid(a56b31ec94e099e4dadef6626fe6c014) Importer(815301076,1909f56bfc062723c751e8b465ee728b)  -> (artifact id: '00000000000000000000000000000000') in 0.031912 seconds
  ERROR: Build asset version error: assets/image/rezezimage.jpg in SourceAssetDB has modification time of '2021-06-03T13:14:10.6952877Z' while content on disk has modification time of '2021-06-03T13:14:42.7788763Z'
  Import took 0.039852 seconds .

========================================================================
Received Import Request.
  Time since last request: 0.045235 seconds.
  path: Assets/Image/RezezImage.jpg
  artifactKey: Guid(a56b31ec94e099e4dadef6626fe6c014) Importer(815301076,1909f56bfc062723c751e8b465ee728b)
Start importing Assets/Image/RezezImage.jpg using Guid(a56b31ec94e099e4dadef6626fe6c014) Importer(815301076,1909f56bfc062723c751e8b465ee728b)  -> (artifact id: '00000000000000000000000000000000') in 0.034437 seconds
  ERROR: Build asset version error: assets/image/rezezimage.jpg in SourceAssetDB has modification time of '2021-06-03T13:14:10.6952877Z' while content on disk has modification time of '2021-06-03T13:14:42.7788763Z'
  Import took 0.044943 seconds .

========================================================================
Received Import Request.
  Time since last request: 0.051621 seconds.
  path: Assets/Image/RezezImage.jpg
  artifactKey: Guid(a56b31ec94e099e4dadef6626fe6c014) Importer(815301076,1909f56bfc062723c751e8b465ee728b)
Start importing Assets/Image/RezezImage.jpg using Guid(a56b31ec94e099e4dadef6626fe6c014) Importer(815301076,1909f56bfc062723c751e8b465ee728b)  -> (artifact id: '00000000000000000000000000000000') in 0.032758 seconds
  ERROR: Build asset version error: assets/image/rezezimage.jpg in SourceAssetDB has modification time of '2021-06-03T13:14:10.6952877Z' while content on disk has modification time of '2021-06-03T13:14:42.7788763Z'
  Import took 0.038411 seconds .

========================================================================
Received Import Request.
  Time since last request: 0.030689 seconds.
  path: Assets/Image/RezezImage.jpg
  artifactKey: Guid(a56b31ec94e099e4dadef6626fe6c014) Importer(815301076,1909f56bfc062723c751e8b465ee728b)
Start importing Assets/Image/RezezImage.jpg using Guid(a56b31ec94e099e4dadef6626fe6c014) Importer(815301076,1909f56bfc062723c751e8b465ee728b)  -> (artifact id: '00000000000000000000000000000000') in 0.048856 seconds
  ERROR: Build asset version error: assets/image/rezezimage.jpg in SourceAssetDB has modification time of '2021-06-03T13:14:10.6952877Z' while content on disk has modification time of '2021-06-03T13:14:42.7788763Z'
  Import took 0.060951 seconds .

========================================================================
Received Import Request.
  Time since last request: 0.009928 seconds.
  path: Assets/Image/RezezImage.jpg
  artifactKey: Guid(a56b31ec94e099e4dadef6626fe6c014) Importer(815301076,1909f56bfc062723c751e8b465ee728b)
Start importing Assets/Image/RezezImage.jpg using Guid(a56b31ec94e099e4dadef6626fe6c014) Importer(815301076,1909f56bfc062723c751e8b465ee728b)  -> (artifact id: '00000000000000000000000000000000') in 0.060306 seconds
  ERROR: Build asset version error: assets/image/rezezimage.jpg in SourceAssetDB has modification time of '2021-06-03T13:14:10.6952877Z' while content on disk has modification time of '2021-06-03T13:14:42.7788763Z'
  Import took 0.067700 seconds .

========================================================================
Received Import Request.
  Time since last request: 0.165895 seconds.
  path: Assets/Image/RezezImage.jpg
  artifactKey: Guid(a56b31ec94e099e4dadef6626fe6c014) Importer(815301076,1909f56bfc062723c751e8b465ee728b)
Start importing Assets/Image/RezezImage.jpg using Guid(a56b31ec94e099e4dadef6626fe6c014) Importer(815301076,1909f56bfc062723c751e8b465ee728b)  -> (artifact id: '00000000000000000000000000000000') in 0.016324 seconds
  ERROR: Build asset version error: assets/image/rezezimage.jpg in SourceAssetDB has modification time of '2021-06-03T13:14:10.6952877Z' while content on disk has modification time of '2021-06-03T13:14:42.7788763Z'
  Import took 0.046057 seconds .

========================================================================
Received Import Request.
  Time since last request: 0.040025 seconds.
  path: Assets/Image/RezezImage.jpg
  artifactKey: Guid(a56b31ec94e099e4dadef6626fe6c014) Importer(815301076,1909f56bfc062723c751e8b465ee728b)
Start importing Assets/Image/RezezImage.jpg using Guid(a56b31ec94e099e4dadef6626fe6c014) Importer(815301076,1909f56bfc062723c751e8b465ee728b)  -> (artifact id: '00000000000000000000000000000000') in 0.034293 seconds
  ERROR: Build asset version error: assets/image/rezezimage.jpg in SourceAssetDB has modification time of '2021-06-03T13:14:10.6952877Z' while content on disk has modification time of '2021-06-03T13:14:42.7788763Z'
  Import took 0.039750 seconds .

========================================================================
Received Import Request.
  Time since last request: 0.034279 seconds.
  path: Assets/Image/RezezImage.jpg
  artifactKey: Guid(a56b31ec94e099e4dadef6626fe6c014) Importer(815301076,1909f56bfc062723c751e8b465ee728b)
Start importing Assets/Image/RezezImage.jpg using Guid(a56b31ec94e099e4dadef6626fe6c014) Importer(815301076,1909f56bfc062723c751e8b465ee728b)  -> (artifact id: '00000000000000000000000000000000') in 0.045769 seconds
  ERROR: Build asset version error: assets/image/rezezimage.jpg in SourceAssetDB has modification time of '2021-06-03T13:14:10.6952877Z' while content on disk has modification time of '2021-06-03T13:14:42.7788763Z'
  Import took 0.059823 seconds .

========================================================================
Received Import Request.
  Time since last request: 2.149805 seconds.
  path: Assets/Image/RezezImage.jpg
  artifactKey: Guid(a56b31ec94e099e4dadef6626fe6c014) Importer(815301076,1909f56bfc062723c751e8b465ee728b)
Start importing Assets/Image/RezezImage.jpg using Guid(a56b31ec94e099e4dadef6626fe6c014) Importer(815301076,1909f56bfc062723c751e8b465ee728b)  -> (artifact id: '0ee77947fd7d0bf61ac0e0b5177c9162') in 2.208558 seconds
  Import took 2.234058 seconds .

========================================================================
Received Prepare
Registering precompiled user dll's ...
Registered in 0.025425 seconds.
Begin MonoManager ReloadAssembly
Native extension for WindowsStandalone target not found
Refreshing native plugins compatible for Editor in 0.56 ms, found 0 plugins.
Preloading 0 native plugins for Editor in 0.00 ms.
Invoked RoslynAnalysisRunner static constructor.
RoslynAnalysisRunner will not be running.
RoslynAnalysisRunner has terminated.
Mono: successfully reloaded assembly
- Completed reload, in  5.852 seconds
Platform modules already initialized, skipping
Refreshing native plugins compatible for Editor in 0.54 ms, found 0 plugins.
Preloading 0 native plugins for Editor in 0.00 ms.
Unloading 1169 Unused Serialized files (Serialized files now loaded: 0)
System memory in use before: 63.5 MB.
System memory in use after: 63.6 MB.

Unloading 4 unused Assets to reduce memory usage. Loaded Objects now: 1638.
Total: 4.862600 ms (FindLiveObjects: 0.341600 ms CreateObjectMapping: 0.093400 ms MarkObjects: 4.234800 ms  DeleteObjects: 0.189200 ms)

========================================================================
Received Import Request.
  Time since last request: 219.701608 seconds.
  path: Assets/Scenes/UpravlenieZad.unity
  artifactKey: Guid(d6360604839d7ba42b468a806fa74d8b) Importer(815301076,1909f56bfc062723c751e8b465ee728b)
Start importing Assets/Scenes/UpravlenieZad.unity using Guid(d6360604839d7ba42b468a806fa74d8b) Importer(815301076,1909f56bfc062723c751e8b465ee728b)  -> (artifact id: '132e85750097bfe6ea8f718a2f7bcf62') in 0.056077 seconds
  Import took 0.114875 seconds .

========================================================================
Received Import Request.
  Time since last request: 0.048101 seconds.
  path: Assets/Scenes/UpravlenieZad.unity
  artifactKey: Guid(d6360604839d7ba42b468a806fa74d8b) Importer(815301076,1909f56bfc062723c751e8b465ee728b)
Start importing Assets/Scenes/UpravlenieZad.unity using Guid(d6360604839d7ba42b468a806fa74d8b) Importer(815301076,1909f56bfc062723c751e8b465ee728b)  -> (artifact id: '132e85750097bfe6ea8f718a2f7bcf62') in 0.026684 seconds
  Import took 0.034819 seconds .

========================================================================
Received Prepare
Refreshing native plugins compatible for Editor in 3.22 ms, found 0 plugins.
Preloading 0 native plugins for Editor in 0.00 ms.
Unloading 3 Unused Serialized files (Serialized files now loaded: 0)
System memory in use before: 39.9 MB.
System memory in use after: 40.0 MB.

Unloading 2 unused Assets to reduce memory usage. Loaded Objects now: 1638.
Total: 5.520100 ms (FindLiveObjects: 0.402200 ms CreateObjectMapping: 0.119400 ms MarkObjects: 4.957400 ms  DeleteObjects: 0.037800 ms)

========================================================================
Received Import Request.
  Time since last request: 281.721375 seconds.
  path: Assets/Scenes/Rezez.unity
  artifactKey: Guid(a14cba9aa34709f4f8eb69149ce21553) Importer(815301076,1909f56bfc062723c751e8b465ee728b)
Start importing Assets/Scenes/Rezez.unity using Guid(a14cba9aa34709f4f8eb69149ce21553) Importer(815301076,1909f56bfc062723c751e8b465ee728b)  -> (artifact id: '2d990c2c93d062fc6905d9c7c299b399') in 0.124725 seconds
  Import took 0.164372 seconds .

========================================================================
Received Prepare
Refreshing native plugins compatible for Editor in 2.13 ms, found 0 plugins.
Preloading 0 native plugins for Editor in 0.00 ms.
Unloading 3 Unused Serialized files (Serialized files now loaded: 0)
System memory in use before: 39.9 MB.
System memory in use after: 40.0 MB.

Unloading 2 unused Assets to reduce memory usage. Loaded Objects now: 1638.
Total: 4.881400 ms (FindLiveObjects: 0.372400 ms CreateObjectMapping: 0.091200 ms MarkObjects: 4.384900 ms  DeleteObjects: 0.030100 ms)

========================================================================
Received Prepare
Refreshing native plugins compatible for Editor in 5.46 ms, found 0 plugins.
Preloading 0 native plugins for Editor in 0.00 ms.
Unloading 3 Unused Serialized files (Serialized files now loaded: 0)
System memory in use before: 39.9 MB.
System memory in use after: 40.0 MB.

Unloading 2 unused Assets to reduce memory usage. Loaded Objects now: 1638.
Total: 5.683700 ms (FindLiveObjects: 0.408200 ms CreateObjectMapping: 0.981000 ms MarkObjects: 4.174200 ms  DeleteObjects: 0.116800 ms)

========================================================================
Received Import Request.
  Time since last request: 522.946642 seconds.
  path: Assets/Scenes/ZamenaPatrona.unity
  artifactKey: Guid(751099da986b0644bb91c9b9edc38ca3) Importer(815301076,1909f56bfc062723c751e8b465ee728b)
Start importing Assets/Scenes/ZamenaPatrona.unity using Guid(751099da986b0644bb91c9b9edc38ca3) Importer(815301076,1909f56bfc062723c751e8b465ee728b)  -> (artifact id: '25c9c8816e1d1d3d0d64f25d6c291e73') in 0.045397 seconds
  Import took 0.127900 seconds .

========================================================================
Received Import Request.
  Time since last request: 24.742707 seconds.
  path: Assets/Scenes/ZamenaShesterni2.unity
  artifactKey: Guid(780391ae76311ea429dc2e5d6cb414a4) Importer(815301076,1909f56bfc062723c751e8b465ee728b)
Start importing Assets/Scenes/ZamenaShesterni2.unity using Guid(780391ae76311ea429dc2e5d6cb414a4) Importer(815301076,1909f56bfc062723c751e8b465ee728b)  -> (artifact id: '546e0f54a0ac83591ca9f341d2ae1755') in 0.039552 seconds
  Import took 0.104073 seconds .

========================================================================
Received Prepare
Refreshing native plugins compatible for Editor in 2.95 ms, found 0 plugins.
Preloading 0 native plugins for Editor in 0.00 ms.
Unloading 3 Unused Serialized files (Serialized files now loaded: 0)
System memory in use before: 39.9 MB.
System memory in use after: 40.1 MB.

Unloading 2 unused Assets to reduce memory usage. Loaded Objects now: 1638.
Total: 9.434500 ms (FindLiveObjects: 0.389400 ms CreateObjectMapping: 0.115400 ms MarkObjects: 8.840400 ms  DeleteObjects: 0.086600 ms)

========================================================================
Received Import Request.
  Time since last request: 161.848501 seconds.
  path: Assets/Scenes/ZamenaPatrona.unity
  artifactKey: Guid(751099da986b0644bb91c9b9edc38ca3) Importer(815301076,1909f56bfc062723c751e8b465ee728b)
Start importing Assets/Scenes/ZamenaPatrona.unity using Guid(751099da986b0644bb91c9b9edc38ca3) Importer(815301076,1909f56bfc062723c751e8b465ee728b)  -> (artifact id: '8cd6b1313195a07d824542af47775ce3') in 0.037803 seconds
  Import took 0.084119 seconds .

========================================================================
Received Prepare
Refreshing native plugins compatible for Editor in 2.88 ms, found 0 plugins.
Preloading 0 native plugins for Editor in 0.00 ms.
Unloading 3 Unused Serialized files (Serialized files now loaded: 0)
System memory in use before: 40.0 MB.
System memory in use after: 40.1 MB.

Unloading 2 unused Assets to reduce memory usage. Loaded Objects now: 1638.
Total: 8.179500 ms (FindLiveObjects: 0.384800 ms CreateObjectMapping: 0.132000 ms MarkObjects: 7.582400 ms  DeleteObjects: 0.077200 ms)

========================================================================
Received Prepare
Refreshing native plugins compatible for Editor in 2.17 ms, found 0 plugins.
Preloading 0 native plugins for Editor in 0.00 ms.
Unloading 3 Unused Serialized files (Serialized files now loaded: 0)
System memory in use before: 40.0 MB.
System memory in use after: 40.1 MB.

Unloading 2 unused Assets to reduce memory usage. Loaded Objects now: 1638.
Total: 8.590300 ms (FindLiveObjects: 0.391400 ms CreateObjectMapping: 0.116200 ms MarkObjects: 7.975200 ms  DeleteObjects: 0.103700 ms)

========================================================================
Received Prepare
Refreshing native plugins compatible for Editor in 1.97 ms, found 0 plugins.
Preloading 0 native plugins for Editor in 0.00 ms.
Unloading 3 Unused Serialized files (Serialized files now loaded: 0)
System memory in use before: 40.0 MB.
System memory in use after: 40.1 MB.

Unloading 2 unused Assets to reduce memory usage. Loaded Objects now: 1638.
Total: 5.917400 ms (FindLiveObjects: 0.378600 ms CreateObjectMapping: 0.099900 ms MarkObjects: 5.408000 ms  DeleteObjects: 0.028000 ms)

========================================================================
Received Import Request.
  Time since last request: 454.058658 seconds.
  path: Assets/Scenes/ZamenaPatrona.unity
  artifactKey: Guid(751099da986b0644bb91c9b9edc38ca3) Importer(815301076,1909f56bfc062723c751e8b465ee728b)
Start importing Assets/Scenes/ZamenaPatrona.unity using Guid(751099da986b0644bb91c9b9edc38ca3) Importer(815301076,1909f56bfc062723c751e8b465ee728b)  -> (artifact id: '0ff5dc8bbb2a55d100b7d37b4a9c30b1') in 0.029705 seconds
  Import took 0.105959 seconds .

========================================================================
Received Import Request.
  Time since last request: 14.120957 seconds.
  path: Assets/Scenes/SmenaPatrona.unity
  artifactKey: Guid(85841d45e4199a94999f675ecf8e0a9d) Importer(815301076,1909f56bfc062723c751e8b465ee728b)
Start importing Assets/Scenes/SmenaPatrona.unity using Guid(85841d45e4199a94999f675ecf8e0a9d) Importer(815301076,1909f56bfc062723c751e8b465ee728b)  -> (artifact id: '8efbf059a78123cd9f90ecf259f84b4f') in 0.126215 seconds
  Import took 0.164200 seconds .

========================================================================
Received Prepare
Refreshing native plugins compatible for Editor in 2.25 ms, found 0 plugins.
Preloading 0 native plugins for Editor in 0.00 ms.
Unloading 3 Unused Serialized files (Serialized files now loaded: 0)
System memory in use before: 40.0 MB.
System memory in use after: 40.1 MB.

Unloading 2 unused Assets to reduce memory usage. Loaded Objects now: 1638.
Total: 5.304200 ms (FindLiveObjects: 0.397600 ms CreateObjectMapping: 0.114600 ms MarkObjects: 4.754800 ms  DeleteObjects: 0.035000 ms)

========================================================================
Received Import Request.
  Time since last request: 256.628294 seconds.
  path: Assets/Scenes/Posledovatelnost.unity
  artifactKey: Guid(ad69e59cc78fbbc49b7e7c86c6ef8aa4) Importer(815301076,1909f56bfc062723c751e8b465ee728b)
Start importing Assets/Scenes/Posledovatelnost.unity using Guid(ad69e59cc78fbbc49b7e7c86c6ef8aa4) Importer(815301076,1909f56bfc062723c751e8b465ee728b)  -> (artifact id: '33ca3904d7bfb18257b8801c19927631') in 0.103451 seconds
  Import took 0.132413 seconds .

========================================================================
Received Import Request.
  Time since last request: 29.108299 seconds.
  path: Assets/Scenes/OboznachenieRezez.unity
  artifactKey: Guid(8850c728d0436fa4f9723fda7afc907f) Importer(815301076,1909f56bfc062723c751e8b465ee728b)
Start importing Assets/Scenes/OboznachenieRezez.unity using Guid(8850c728d0436fa4f9723fda7afc907f) Importer(815301076,1909f56bfc062723c751e8b465ee728b)  -> (artifact id: '90290725c5fa62588aa4eda996a74fcb') in 0.018011 seconds
  Import took 0.075551 seconds .

========================================================================
Received Import Request.
  Time since last request: 51.261252 seconds.
  path: Assets/Scenes/StanokScene.unity
  artifactKey: Guid(4ffd342f4ab074d40856d47c1600cffe) Importer(815301076,1909f56bfc062723c751e8b465ee728b)
Start importing Assets/Scenes/StanokScene.unity using Guid(4ffd342f4ab074d40856d47c1600cffe) Importer(815301076,1909f56bfc062723c751e8b465ee728b)  -> (artifact id: 'eca2e32d0fac7cc421059045a4aa03d7') in 0.083941 seconds
  Import took 0.103655 seconds .

========================================================================
Received Import Request.
  Time since last request: 4.978377 seconds.
  path: Assets/Scenes/Stanok.unity
  artifactKey: Guid(ffbe656f84575914581a402590ad181f) Importer(815301076,1909f56bfc062723c751e8b465ee728b)
Start importing Assets/Scenes/Stanok.unity using Guid(ffbe656f84575914581a402590ad181f) Importer(815301076,1909f56bfc062723c751e8b465ee728b)  -> (artifact id: '6c78a81c5e6adbfa3947c8c774affe86') in 0.033790 seconds
  Import took 0.057349 seconds .

========================================================================
Received Prepare
Refreshing native plugins compatible for Editor in 2.33 ms, found 0 plugins.
Preloading 0 native plugins for Editor in 0.00 ms.
Unloading 3 Unused Serialized files (Serialized files now loaded: 0)
System memory in use before: 40.0 MB.
System memory in use after: 40.1 MB.

Unloading 2 unused Assets to reduce memory usage. Loaded Objects now: 1638.
Total: 6.508700 ms (FindLiveObjects: 0.399100 ms CreateObjectMapping: 0.112100 ms MarkObjects: 5.966700 ms  DeleteObjects: 0.027700 ms)

========================================================================
Received Prepare
Refreshing native plugins compatible for Editor in 3.00 ms, found 0 plugins.
Preloading 0 native plugins for Editor in 0.00 ms.
Unloading 3 Unused Serialized files (Serialized files now loaded: 0)
System memory in use before: 40.0 MB.
System memory in use after: 40.1 MB.

Unloading 2 unused Assets to reduce memory usage. Loaded Objects now: 1638.
Total: 12.490000 ms (FindLiveObjects: 0.993900 ms CreateObjectMapping: 0.281600 ms MarkObjects: 11.050300 ms  DeleteObjects: 0.161100 ms)

========================================================================
Received Prepare
Refreshing native plugins compatible for Editor in 1.92 ms, found 0 plugins.
Preloading 0 native plugins for Editor in 0.00 ms.
Unloading 3 Unused Serialized files (Serialized files now loaded: 0)
System memory in use before: 40.0 MB.
System memory in use after: 40.1 MB.

Unloading 2 unused Assets to reduce memory usage. Loaded Objects now: 1638.
Total: 7.792000 ms (FindLiveObjects: 1.087000 ms CreateObjectMapping: 0.134900 ms MarkObjects: 6.472000 ms  DeleteObjects: 0.091800 ms)

========================================================================
Received Import Request.
  Time since last request: 620.014365 seconds.
  path: Assets/Scripts/DisplayUI/DisplayUI43.cs
  artifactKey: Guid(973b58dbb6aa19144a99071014acf55b) Importer(815301076,1909f56bfc062723c751e8b465ee728b)
Start importing Assets/Scripts/DisplayUI/DisplayUI43.cs using Guid(973b58dbb6aa19144a99071014acf55b) Importer(815301076,1909f56bfc062723c751e8b465ee728b)  -> (artifact id: 'acc7230cc590bf712b7be01a66b305e2') in 0.181671 seconds
  Import took 0.327659 seconds .

========================================================================
Received Import Request.
  Time since last request: 8.021033 seconds.
  path: Assets/Scripts/DisplayUI/DisplayUI51.cs
  artifactKey: Guid(973b58dbb6aa19144a99071014acf55b) Importer(815301076,1909f56bfc062723c751e8b465ee728b)
Start importing Assets/Scripts/DisplayUI/DisplayUI51.cs using Guid(973b58dbb6aa19144a99071014acf55b) Importer(815301076,1909f56bfc062723c751e8b465ee728b)  -> (artifact id: 'b5b8c059a19bb217f59f70eefca79b80') in 0.040462 seconds
  Import took 0.077910 seconds .

========================================================================
Received Prepare
Registering precompiled user dll's ...
Registered in 0.018879 seconds.
Begin MonoManager ReloadAssembly
Native extension for WindowsStandalone target not found
Refreshing native plugins compatible for Editor in 0.64 ms, found 0 plugins.
Preloading 0 native plugins for Editor in 0.00 ms.
Invoked RoslynAnalysisRunner static constructor.
RoslynAnalysisRunner will not be running.
RoslynAnalysisRunner has terminated.
Mono: successfully reloaded assembly
- Completed reload, in  5.335 seconds
Platform modules already initialized, skipping
Refreshing native plugins compatible for Editor in 0.84 ms, found 0 plugins.
Preloading 0 native plugins for Editor in 0.00 ms.
Unloading 1170 Unused Serialized files (Serialized files now loaded: 0)
System memory in use before: 63.6 MB.
System memory in use after: 63.7 MB.

Unloading 4 unused Assets to reduce memory usage. Loaded Objects now: 1642.
Total: 4.231800 ms (FindLiveObjects: 0.656400 ms CreateObjectMapping: 0.237600 ms MarkObjects: 3.301500 ms  DeleteObjects: 0.033400 ms)

========================================================================
Received Import Request.
  Time since last request: 106.540311 seconds.
  path: Assets/Scripts/DisplayUI/DisplayUI51.cs
  artifactKey: Guid(973b58dbb6aa19144a99071014acf55b) Importer(815301076,1909f56bfc062723c751e8b465ee728b)
Start importing Assets/Scripts/DisplayUI/DisplayUI51.cs using Guid(973b58dbb6aa19144a99071014acf55b) Importer(815301076,1909f56bfc062723c751e8b465ee728b)  -> (artifact id: '912bc2b89bf70964eca6e515ffec0a70') in 0.017398 seconds
  Import took 0.033927 seconds .

========================================================================
Received Prepare
Refreshing native plugins compatible for Editor in 8.40 ms, found 0 plugins.
Preloading 0 native plugins for Editor in 0.00 ms.
Unloading 3 Unused Serialized files (Serialized files now loaded: 0)
System memory in use before: 40.0 MB.
System memory in use after: 40.1 MB.

Unloading 2 unused Assets to reduce memory usage. Loaded Objects now: 1642.
Total: 12.049400 ms (FindLiveObjects: 0.942700 ms CreateObjectMapping: 0.271600 ms MarkObjects: 10.784200 ms  DeleteObjects: 0.047200 ms)

========================================================================
Received Prepare
Refreshing native plugins compatible for Editor in 1.65 ms, found 0 plugins.
Preloading 0 native plugins for Editor in 0.00 ms.
Unloading 3 Unused Serialized files (Serialized files now loaded: 0)
System memory in use before: 40.0 MB.
System memory in use after: 40.1 MB.

Unloading 2 unused Assets to reduce memory usage. Loaded Objects now: 1642.
Total: 6.511500 ms (FindLiveObjects: 0.680500 ms CreateObjectMapping: 0.333100 ms MarkObjects: 5.461700 ms  DeleteObjects: 0.032000 ms)

========================================================================
Received Prepare
Refreshing native plugins compatible for Editor in 1.73 ms, found 0 plugins.
Preloading 0 native plugins for Editor in 0.00 ms.
Unloading 3 Unused Serialized files (Serialized files now loaded: 0)
System memory in use before: 40.0 MB.
System memory in use after: 40.1 MB.

Unloading 2 unused Assets to reduce memory usage. Loaded Objects now: 1642.
Total: 5.812000 ms (FindLiveObjects: 0.426500 ms CreateObjectMapping: 0.101300 ms MarkObjects: 5.049400 ms  DeleteObjects: 0.230600 ms)

========================================================================
Received Prepare
Refreshing native plugins compatible for Editor in 2.57 ms, found 0 plugins.
Preloading 0 native plugins for Editor in 0.00 ms.
Unloading 3 Unused Serialized files (Serialized files now loaded: 0)
System memory in use before: 40.0 MB.
System memory in use after: 40.1 MB.

Unloading 2 unused Assets to reduce memory usage. Loaded Objects now: 1642.
Total: 5.316500 ms (FindLiveObjects: 0.377200 ms CreateObjectMapping: 0.104700 ms MarkObjects: 4.798500 ms  DeleteObjects: 0.032600 ms)

========================================================================
Received Prepare
Refreshing native plugins compatible for Editor in 2.29 ms, found 0 plugins.
Preloading 0 native plugins for Editor in 0.00 ms.
Unloading 3 Unused Serialized files (Serialized files now loaded: 0)
System memory in use before: 40.0 MB.
System memory in use after: 40.1 MB.

Unloading 2 unused Assets to reduce memory usage. Loaded Objects now: 1642.
Total: 6.431500 ms (FindLiveObjects: 0.907100 ms CreateObjectMapping: 0.266200 ms MarkObjects: 5.228300 ms  DeleteObjects: 0.027000 ms)

========================================================================
Received Prepare
Refreshing native plugins compatible for Editor in 1.66 ms, found 0 plugins.
Preloading 0 native plugins for Editor in 0.00 ms.
Unloading 3 Unused Serialized files (Serialized files now loaded: 0)
System memory in use before: 40.0 MB.
System memory in use after: 40.1 MB.

Unloading 2 unused Assets to reduce memory usage. Loaded Objects now: 1642.
Total: 9.020000 ms (FindLiveObjects: 0.429300 ms CreateObjectMapping: 0.130600 ms MarkObjects: 8.339500 ms  DeleteObjects: 0.116400 ms)

========================================================================
Received Prepare
Refreshing native plugins compatible for Editor in 2.38 ms, found 0 plugins.
Preloading 0 native plugins for Editor in 0.00 ms.
Unloading 3 Unused Serialized files (Serialized files now loaded: 0)
System memory in use before: 40.0 MB.
System memory in use after: 40.1 MB.

Unloading 2 unused Assets to reduce memory usage. Loaded Objects now: 1642.
Total: 6.488500 ms (FindLiveObjects: 0.646400 ms CreateObjectMapping: 0.530300 ms MarkObjects: 5.208400 ms  DeleteObjects: 0.099900 ms)

========================================================================
Received Prepare
Refreshing native plugins compatible for Editor in 2.49 ms, found 0 plugins.
Preloading 0 native plugins for Editor in 0.00 ms.
Unloading 3 Unused Serialized files (Serialized files now loaded: 0)
System memory in use before: 40.0 MB.
System memory in use after: 40.1 MB.

Unloading 2 unused Assets to reduce memory usage. Loaded Objects now: 1642.
Total: 6.042700 ms (FindLiveObjects: 0.371500 ms CreateObjectMapping: 0.109800 ms MarkObjects: 5.526800 ms  DeleteObjects: 0.032100 ms)

========================================================================
Received Prepare
Refreshing native plugins compatible for Editor in 1.92 ms, found 0 plugins.
Preloading 0 native plugins for Editor in 0.00 ms.
Unloading 3 Unused Serialized files (Serialized files now loaded: 0)
System memory in use before: 40.0 MB.
System memory in use after: 40.1 MB.

Unloading 2 unused Assets to reduce memory usage. Loaded Objects now: 1642.
Total: 25.925300 ms (FindLiveObjects: 0.926800 ms CreateObjectMapping: 0.330800 ms MarkObjects: 24.636000 ms  DeleteObjects: 0.028800 ms)

========================================================================
Received Prepare
Refreshing native plugins compatible for Editor in 4.00 ms, found 0 plugins.
Preloading 0 native plugins for Editor in 0.00 ms.
Unloading 3 Unused Serialized files (Serialized files now loaded: 0)
System memory in use before: 40.0 MB.
System memory in use after: 40.1 MB.

Unloading 2 unused Assets to reduce memory usage. Loaded Objects now: 1642.
Total: 203.629000 ms (FindLiveObjects: 2.154000 ms CreateObjectMapping: 0.574900 ms MarkObjects: 200.400900 ms  DeleteObjects: 0.464200 ms)

